2019-10-11 14:28:41 [main] request params:{"attr":{"id":"699796029091876864"},"attr2":{},"attrMap":{"$ref":"$.attr2"},"extraData":{},"method":"delete","queryString":"","service":"RoleService"}
2019-10-11 14:28:43 [main] message {"code":303,"msg":"Error Case:\r\n### Error updating database.  Cause: java.lang.IllegalArgumentException: Mapped Statements collection does not contain value for RoleMapper.delete\r\n### Cause: java.lang.IllegalArgumentException: Mapped Statements collection does not contain value for RoleMapper.delete;paramData:{id=699796029091876864}","total":0}
2019-10-11 14:29:43 [main] request params:{"attr":{"id":"699796029091876864"},"attr2":{},"attrMap":{"$ref":"$.attr2"},"extraData":{},"method":"delete","queryString":"","service":"RoleService"}
2019-10-11 14:29:45 [main] message {"code":303,"msg":"Error Case:\r\n### Error updating database.  Cause: java.lang.IllegalArgumentException: Mapped Statements collection does not contain value for RoleMapper.delete\r\n### Cause: java.lang.IllegalArgumentException: Mapped Statements collection does not contain value for RoleMapper.delete;paramData:{id=699796029091876864}","total":0}
2019-10-11 14:30:35 [main] request params:{"attr":{"id":"699796029091876864"},"attr2":{},"attrMap":{"$ref":"$.attr2"},"extraData":{},"method":"delete","queryString":"","service":"RoleService"}
2019-10-11 14:30:37 [main] message {"code":200,"msg":"delete role success!","total":0}
2019-10-11 14:31:06 [main] request params:{"attr":{"code":"User","name":"管理员","tenantId":"1101","id":"700117299138400256"},"attr2":{"updateTime":1570775466421},"attrMap":{"$ref":"$.attr2"},"extraData":{},"method":"add","queryString":"","service":"RoleService"}
2019-10-11 14:31:07 [main] message {"code":200,"msg":"insert role success!","total":0}
2019-10-11 14:31:18 [main] request params:{"attr":{"id":"699795998179856384"},"attr2":{},"attrMap":{"$ref":"$.attr2"},"extraData":{},"method":"delete","queryString":"","service":"RoleService"}
2019-10-11 14:31:19 [main] message {"code":200,"msg":"delete role success!","total":0}
2019-10-11 14:49:30 [main] request params:{"attr":{"code":"Admin","name":"系统管理员","tenantId":"1102","id":"700117304242868224"},"attr2":{"updateTime":1570776570664},"attrMap":{"$ref":"$.attr2"},"extraData":{},"method":"update","queryString":"","service":"RoleService"}
2019-10-11 14:49:32 [main] message {"code":303,"msg":"Error Case:\r\n### Error updating database.  Cause: com.mysql.jdbc.exceptions.jdbc4.MySQLIntegrityConstraintViolationException: Duplicate entry '700117304242868224' for key 'PRIMARY'\r\n### The error may exist in com/rain/role/mybatis/RoleMapper.xml\r\n### The error may involve RoleMapper.insert-Inline\r\n### The error occurred while setting parameters\r\n### SQL: insert into sys_role(id, code, name,create_time,       update_time,tenant_id)     values (?, ?,  ?,?,       ?,?)\r\n### Cause: com.mysql.jdbc.exceptions.jdbc4.MySQLIntegrityConstraintViolationException: Duplicate entry '700117304242868224' for key 'PRIMARY';paramData:{code=Admin, name=系统管理员, tenantId=1102, updateTime=Fri Oct 11 14:49:31 CST 2019, id=700117304242868224}","total":0}
2019-10-11 14:51:37 [main] request params:{"attr":{"code":"Admin","name":"系统管理员","tenantId":"1102","id":"700117304242868224"},"attr2":{"updateTime":1570776697463},"attrMap":{"$ref":"$.attr2"},"extraData":{},"method":"update","queryString":"","service":"RoleService"}
2019-10-11 14:51:39 [main] message {"code":303,"msg":"Error Case:\r\n### Error updating database.  Cause: java.lang.IllegalArgumentException: Mapped Statements collection does not contain value for RoleMapper.update\r\n### Cause: java.lang.IllegalArgumentException: Mapped Statements collection does not contain value for RoleMapper.update;paramData:{code=Admin, name=系统管理员, tenantId=1102, updateTime=Fri Oct 11 14:51:38 CST 2019, id=700117304242868224}","total":0}
2019-10-11 14:52:18 [main] request params:{"attr":{"code":"Admin","name":"系统管理员","tenantId":"1102","id":"700117304242868224"},"attr2":{"updateTime":1570776737877},"attrMap":{"$ref":"$.attr2"},"extraData":{},"method":"update","queryString":"","service":"RoleService"}
2019-10-11 14:52:19 [main] message {"code":303,"msg":"Error Case:\r\n### Error updating database.  Cause: java.lang.IllegalArgumentException: Mapped Statements collection does not contain value for RoleMapper.update\r\n### Cause: java.lang.IllegalArgumentException: Mapped Statements collection does not contain value for RoleMapper.update;paramData:{code=Admin, name=系统管理员, tenantId=1102, updateTime=Fri Oct 11 14:52:19 CST 2019, id=700117304242868224}","total":0}
2019-10-11 14:52:44 [main] request params:{"attr":{"code":"Admin","name":"系统管理员","tenantId":"1102","id":"700117304242868224"},"attr2":{"updateTime":1570776764460},"attrMap":{"$ref":"$.attr2"},"extraData":{},"method":"update","queryString":"","service":"RoleService"}
2019-10-11 14:52:46 [main] message {"code":200,"msg":"insert role success!","total":0}
2019-10-11 14:54:21 [main] request params:{"attr":{"code":"Admin","name":"系统管理员","tenantId":"1102","id":"700117304242868224"},"attr2":{"updateTime":1570776861162},"attrMap":{"$ref":"$.attr2"},"extraData":{},"method":"update","queryString":"","service":"RoleService"}
2019-10-11 14:54:23 [main] message {"code":200,"msg":"insert role success!","total":0}
